<?xml version="1.0" encoding="UTF-8"?>
<testng-results skipped="0" failed="0" total="1" passed="1">
  <reporter-output>
  </reporter-output>
  <suite name="Suite" duration-ms="21212" started-at="2021-05-29T12:52:10Z" finished-at="2021-05-29T12:52:31Z">
    <groups>
    </groups>
    <test name="Test" duration-ms="21212" started-at="2021-05-29T12:52:10Z" finished-at="2021-05-29T12:52:31Z">
      <class name="com.businessscripts.SampleTest">
        <test-method status="PASS" signature="testOne()[pri:0, instance:com.businessscripts.SampleTest@60addb54]" name="testOne" duration-ms="21190" started-at="2021-05-29T18:22:10Z" finished-at="2021-05-29T18:22:31Z">
          <reporter-output>
          </reporter-output>
        </test-method> <!-- testOne -->
      </class> <!-- com.businessscripts.SampleTest -->
    </test> <!-- Test -->
  </suite> <!-- Suite -->
</testng-results>
