<?xml version="1.0" encoding="UTF-8"?>
<testng-results skipped="0" failed="0" total="1" passed="1">
  <reporter-output>
  </reporter-output>
  <suite name="Suite" duration-ms="15521" started-at="2021-05-29T12:53:43Z" finished-at="2021-05-29T12:53:59Z">
    <groups>
    </groups>
    <test name="Test" duration-ms="15521" started-at="2021-05-29T12:53:43Z" finished-at="2021-05-29T12:53:59Z">
      <class name="com.businessscripts.SampleTest">
        <test-method status="PASS" signature="testOne()[pri:0, instance:com.businessscripts.SampleTest@2a18f23c]" name="testOne" duration-ms="15498" started-at="2021-05-29T18:23:43Z" finished-at="2021-05-29T18:23:59Z">
          <reporter-output>
          </reporter-output>
        </test-method> <!-- testOne -->
      </class> <!-- com.businessscripts.SampleTest -->
    </test> <!-- Test -->
  </suite> <!-- Suite -->
</testng-results>
